<?xml version="1.0" encoding="UTF-8"?>
<testng-results ignored="0" total="1" passed="1" failed="0" skipped="0">
  <reporter-output>
  </reporter-output>
  <suite started-at="2022-05-18T14:45:20 IST" name="Default suite" finished-at="2022-05-18T14:46:44 IST" duration-ms="84018">
    <groups>
    </groups>
    <test started-at="2022-05-18T14:45:20 IST" name="Default test" finished-at="2022-05-18T14:46:44 IST" duration-ms="84018">
      <class name="webTests.addUserTest">
        <test-method signature="init()[pri:0, instance:webTests.addUserTest@4f18837a]" started-at="2022-05-18T14:45:20 IST" name="init" finished-at="2022-05-18T14:46:44 IST" duration-ms="83902" status="PASS">
          <reporter-output>
          </reporter-output>
        </test-method> <!-- init -->
      </class> <!-- webTests.addUserTest -->
    </test> <!-- Default test -->
  </suite> <!-- Default suite -->
</testng-results>
