<?xml version="1.0" encoding="UTF-8"?>
<testng-results ignored="0" total="1" passed="1" failed="0" skipped="0">
  <reporter-output>
  </reporter-output>
  <suite started-at="2022-05-26T16:55:14 IST" name="Default suite" finished-at="2022-05-26T16:58:24 IST" duration-ms="190172">
    <groups>
    </groups>
    <test started-at="2022-05-26T16:55:14 IST" name="Default test" finished-at="2022-05-26T16:58:24 IST" duration-ms="190172">
      <class name="webTests.VehicleTest">
        <test-method signature="Property()[pri:0, instance:webTests.VehicleTest@4f18837a]" started-at="2022-05-26T16:55:14 IST" name="Property" finished-at="2022-05-26T16:58:24 IST" duration-ms="190077" status="PASS">
          <reporter-output>
          </reporter-output>
        </test-method> <!-- Property -->
      </class> <!-- webTests.VehicleTest -->
    </test> <!-- Default test -->
  </suite> <!-- Default suite -->
</testng-results>
